{"C:\\Users\\almak\\Desktop\\Frontend Forum\\Frontend_Forum-\\client\\src\\components\\Button\\Button.styles.ts": {"path":"C:\\Users\\almak\\Desktop\\Frontend Forum\\Frontend_Forum-\\client\\src\\components\\Button\\Button.styles.ts","statementMap":{"0":{"start":{"line":1,"column":0},"end":{"line":1,"column":39}},"1":{"start":{"line":3,"column":13},"end":{"line":35,"column":2}},"2":{"start":{"line":16,"column":31},"end":{"line":16,"column":47}},"3":{"start":{"line":17,"column":26},"end":{"line":17,"column":48}},"4":{"start":{"line":28,"column":40},"end":{"line":28,"column":57}}},"fnMap":{"0":{"name":"(anonymous_1)","decl":{"start":{"line":16,"column":16},"end":{"line":16,"column":17}},"loc":{"start":{"line":16,"column":31},"end":{"line":16,"column":47}}},"1":{"name":"(anonymous_2)","decl":{"start":{"line":17,"column":11},"end":{"line":17,"column":12}},"loc":{"start":{"line":17,"column":26},"end":{"line":17,"column":48}}},"2":{"name":"(anonymous_3)","decl":{"start":{"line":28,"column":25},"end":{"line":28,"column":26}},"loc":{"start":{"line":28,"column":40},"end":{"line":28,"column":57}}}},"branchMap":{},"s":{"0":1,"1":1,"2":3,"3":3,"4":3},"f":{"0":3,"1":3,"2":3},"b":{}}
,"C:\\Users\\almak\\Desktop\\Frontend Forum\\Frontend_Forum-\\client\\src\\components\\Button\\Button.tsx": {"path":"C:\\Users\\almak\\Desktop\\Frontend Forum\\Frontend_Forum-\\client\\src\\components\\Button\\Button.tsx","statementMap":{"0":{"start":{"line":2,"column":0},"end":{"line":2,"column":49}},"1":{"start":{"line":10,"column":40},"end":{"line":16,"column":1}},"2":{"start":{"line":11,"column":2},"end":{"line":15,"column":4}},"3":{"start":{"line":18,"column":0},"end":{"line":18,"column":24}}},"fnMap":{"0":{"name":"(anonymous_0)","decl":{"start":{"line":10,"column":40},"end":{"line":10,"column":41}},"loc":{"start":{"line":10,"column":76},"end":{"line":16,"column":1}}}},"branchMap":{},"s":{"0":1,"1":1,"2":3,"3":1},"f":{"0":3},"b":{}}
,"C:\\Users\\almak\\Desktop\\Frontend Forum\\Frontend_Forum-\\client\\src\\styles\\theme.ts": {"path":"C:\\Users\\almak\\Desktop\\Frontend Forum\\Frontend_Forum-\\client\\src\\styles\\theme.ts","statementMap":{"0":{"start":{"line":1,"column":13},"end":{"line":14,"column":2}},"1":{"start":{"line":16,"column":13},"end":{"line":29,"column":2}},"2":{"start":{"line":31,"column":0},"end":{"line":31,"column":41}}},"fnMap":{},"branchMap":{},"s":{"0":1,"1":1,"2":1},"f":{},"b":{}}
}
